2023-03-08 21:43:12.058  INFO 36364 --- [restartedMain] c.a.e.EcommeerceApplication              : Starting EcommeerceApplication using Java 17.0.4.1 on manu with PID 36364 (C:\Users\user\Documents\workspace-spring-tool-suite-4-4.16.1.RELEASE\Ecommerce-Application-UseCase\target\classes started by user in C:\Users\user\Documents\workspace-spring-tool-suite-4-4.16.1.RELEASE\Ecommerce-Application-UseCase)
2023-03-08 21:43:12.059  INFO 36364 --- [restartedMain] c.a.e.EcommeerceApplication              : No active profile set, falling back to 1 default profile: "default"
2023-03-08 21:43:12.109  INFO 36364 --- [restartedMain] .e.DevToolsPropertyDefaultsPostProcessor : Devtools property defaults active! Set 'spring.devtools.add-properties' to 'false' to disable
2023-03-08 21:43:12.110  INFO 36364 --- [restartedMain] .e.DevToolsPropertyDefaultsPostProcessor : For additional web related logging consider setting the 'logging.level.web' property to 'DEBUG'
2023-03-08 21:43:12.877  INFO 36364 --- [restartedMain] .s.d.r.c.RepositoryConfigurationDelegate : Bootstrapping Spring Data JPA repositories in DEFAULT mode.
2023-03-08 21:43:12.957  INFO 36364 --- [restartedMain] .s.d.r.c.RepositoryConfigurationDelegate : Finished Spring Data repository scanning in 71 ms. Found 6 JPA repository interfaces.
2023-03-08 21:43:13.536  INFO 36364 --- [restartedMain] o.s.b.w.embedded.tomcat.TomcatWebServer  : Tomcat initialized with port(s): 8080 (http)
2023-03-08 21:43:13.552  INFO 36364 --- [restartedMain] o.apache.catalina.core.StandardService   : Starting service [Tomcat]
2023-03-08 21:43:13.553  INFO 36364 --- [restartedMain] org.apache.catalina.core.StandardEngine  : Starting Servlet engine: [Apache Tomcat/9.0.71]
2023-03-08 21:43:13.664  INFO 36364 --- [restartedMain] o.a.c.c.C.[Tomcat].[localhost].[/]       : Initializing Spring embedded WebApplicationContext
2023-03-08 21:43:13.664  INFO 36364 --- [restartedMain] w.s.c.ServletWebServerApplicationContext : Root WebApplicationContext: initialization completed in 1553 ms
2023-03-08 21:43:13.806  INFO 36364 --- [restartedMain] o.hibernate.jpa.internal.util.LogHelper  : HHH000204: Processing PersistenceUnitInfo [name: default]
2023-03-08 21:43:13.880  INFO 36364 --- [restartedMain] org.hibernate.Version                    : HHH000412: Hibernate ORM core version 5.6.15.Final
2023-03-08 21:43:14.083  INFO 36364 --- [restartedMain] o.hibernate.annotations.common.Version   : HCANN000001: Hibernate Commons Annotations {5.1.2.Final}
2023-03-08 21:43:14.226  INFO 36364 --- [restartedMain] com.zaxxer.hikari.HikariDataSource       : HikariPool-1 - Starting...
2023-03-08 21:43:14.649  INFO 36364 --- [restartedMain] com.zaxxer.hikari.HikariDataSource       : HikariPool-1 - Start completed.
2023-03-08 21:43:14.707  INFO 36364 --- [restartedMain] org.hibernate.dialect.Dialect            : HHH000400: Using dialect: org.hibernate.dialect.MySQL8Dialect
2023-03-08 21:43:15.579  INFO 36364 --- [restartedMain] o.h.e.t.j.p.i.JtaPlatformInitiator       : HHH000490: Using JtaPlatform implementation: [org.hibernate.engine.transaction.jta.platform.internal.NoJtaPlatform]
2023-03-08 21:43:15.592  INFO 36364 --- [restartedMain] j.LocalContainerEntityManagerFactoryBean : Initialized JPA EntityManagerFactory for persistence unit 'default'
2023-03-08 21:43:16.047  WARN 36364 --- [restartedMain] JpaBaseConfiguration$JpaWebConfiguration : spring.jpa.open-in-view is enabled by default. Therefore, database queries may be performed during view rendering. Explicitly configure spring.jpa.open-in-view to disable this warning
2023-03-08 21:43:16.872  INFO 36364 --- [restartedMain] o.s.b.d.a.OptionalLiveReloadServer       : LiveReload server is running on port 35729
2023-03-08 21:43:16.920  INFO 36364 --- [restartedMain] o.s.b.w.embedded.tomcat.TomcatWebServer  : Tomcat started on port(s): 8080 (http) with context path ''
2023-03-08 21:43:16.937  INFO 36364 --- [restartedMain] c.a.e.EcommeerceApplication              : Started EcommeerceApplication in 5.313 seconds (JVM running for 6.483)
2023-03-08 21:49:42.519  INFO 36364 --- [http-nio-8080-exec-2] o.a.c.c.C.[Tomcat].[localhost].[/]       : Initializing Spring DispatcherServlet 'dispatcherServlet'
2023-03-08 21:49:42.521  INFO 36364 --- [http-nio-8080-exec-2] o.s.web.servlet.DispatcherServlet        : Initializing Servlet 'dispatcherServlet'
2023-03-08 21:49:42.523  INFO 36364 --- [http-nio-8080-exec-2] o.s.web.servlet.DispatcherServlet        : Completed initialization in 2 ms
2023-03-08 21:49:43.202  INFO 36364 --- [http-nio-8080-exec-3] o.springdoc.api.AbstractOpenApiResource  : Init duration for springdoc-openapi is: 187 ms
2023-03-08 21:50:06.023  WARN 36364 --- [http-nio-8080-exec-6] c.a.e.service.impl.PaymentServiceImpl    : if user not registered throws userNotFoundException
2023-03-08 21:50:06.106  WARN 36364 --- [http-nio-8080-exec-6] .m.m.a.ExceptionHandlerExceptionResolver : Resolved [com.alvas.ecommeerceapplication.exception.UserNotFoundException: User with user id:1 not found]
2023-03-08 21:50:13.859  WARN 36364 --- [http-nio-8080-exec-7] c.a.e.service.impl.PaymentServiceImpl    : if user not registered throws userNotFoundException
2023-03-08 21:50:13.863  WARN 36364 --- [http-nio-8080-exec-7] .m.m.a.ExceptionHandlerExceptionResolver : Resolved [com.alvas.ecommeerceapplication.exception.UserNotFoundException: User with user id:123 not found]
2023-03-08 21:50:24.318  INFO 36364 --- [RMI TCP Connection(10)-127.0.0.1] inMXBeanRegistrar$SpringApplicationAdmin : Application shutdown requested.
2023-03-08 21:50:24.337  INFO 36364 --- [RMI TCP Connection(10)-127.0.0.1] o.apache.catalina.core.StandardService   : Stopping service [Tomcat]
2023-03-08 21:50:24.339  INFO 36364 --- [RMI TCP Connection(10)-127.0.0.1] o.a.c.c.C.[Tomcat].[localhost].[/]       : Destroying Spring FrameworkServlet 'dispatcherServlet'
2023-03-08 21:50:24.351  INFO 36364 --- [RMI TCP Connection(10)-127.0.0.1] j.LocalContainerEntityManagerFactoryBean : Closing JPA EntityManagerFactory for persistence unit 'default'
2023-03-08 21:50:24.359  INFO 36364 --- [RMI TCP Connection(10)-127.0.0.1] com.zaxxer.hikari.HikariDataSource       : HikariPool-1 - Shutdown initiated...
2023-03-08 21:50:24.371  INFO 36364 --- [RMI TCP Connection(10)-127.0.0.1] com.zaxxer.hikari.HikariDataSource       : HikariPool-1 - Shutdown completed.
2023-03-08 21:50:42.941  INFO 35576 --- [main] c.a.e.EcommeerceApplicationTests         : Starting EcommeerceApplicationTests using Java 17.0.4.1 on manu with PID 35576 (started by user in C:\Users\user\Documents\workspace-spring-tool-suite-4-4.16.1.RELEASE\Ecommerce-Application-UseCase)
2023-03-08 21:50:42.942  INFO 35576 --- [main] c.a.e.EcommeerceApplicationTests         : No active profile set, falling back to 1 default profile: "default"
2023-03-08 21:50:43.607  INFO 35576 --- [main] .s.d.r.c.RepositoryConfigurationDelegate : Bootstrapping Spring Data JPA repositories in DEFAULT mode.
2023-03-08 21:50:43.684  INFO 35576 --- [main] .s.d.r.c.RepositoryConfigurationDelegate : Finished Spring Data repository scanning in 66 ms. Found 6 JPA repository interfaces.
2023-03-08 21:50:44.228  INFO 35576 --- [main] o.hibernate.jpa.internal.util.LogHelper  : HHH000204: Processing PersistenceUnitInfo [name: default]
2023-03-08 21:50:44.300  INFO 35576 --- [main] org.hibernate.Version                    : HHH000412: Hibernate ORM core version 5.6.15.Final
2023-03-08 21:50:44.343  INFO 35576 --- [main] o.hibernate.annotations.common.Version   : HCANN000001: Hibernate Commons Annotations {5.1.2.Final}
2023-03-08 21:50:44.499  INFO 35576 --- [main] com.zaxxer.hikari.HikariDataSource       : HikariPool-1 - Starting...
2023-03-08 21:50:44.918  INFO 35576 --- [main] com.zaxxer.hikari.HikariDataSource       : HikariPool-1 - Start completed.
2023-03-08 21:50:44.946  INFO 35576 --- [main] org.hibernate.dialect.Dialect            : HHH000400: Using dialect: org.hibernate.dialect.MySQL8Dialect
2023-03-08 21:50:45.636  INFO 35576 --- [main] o.h.e.t.j.p.i.JtaPlatformInitiator       : HHH000490: Using JtaPlatform implementation: [org.hibernate.engine.transaction.jta.platform.internal.NoJtaPlatform]
2023-03-08 21:50:45.647  INFO 35576 --- [main] j.LocalContainerEntityManagerFactoryBean : Initialized JPA EntityManagerFactory for persistence unit 'default'
2023-03-08 21:50:46.462  WARN 35576 --- [main] JpaBaseConfiguration$JpaWebConfiguration : spring.jpa.open-in-view is enabled by default. Therefore, database queries may be performed during view rendering. Explicitly configure spring.jpa.open-in-view to disable this warning
2023-03-08 21:50:47.908  INFO 35576 --- [main] c.a.e.EcommeerceApplicationTests         : Started EcommeerceApplicationTests in 5.246 seconds (JVM running for 7.72)
2023-03-08 21:50:47.936  INFO 35576 --- [main] o.s.t.c.s.DefaultTestContextBootstrapper : Neither @ContextConfiguration nor @ContextHierarchy found for test class [com.alvas.ecommeerceapplication.controller.PaymentControllerTest], using DelegatingSmartContextLoader
2023-03-08 21:50:47.937  INFO 35576 --- [main] o.s.t.c.support.AbstractContextLoader    : Could not detect default resource locations for test class [com.alvas.ecommeerceapplication.controller.PaymentControllerTest]: no resource found for suffixes {-context.xml}.
2023-03-08 21:50:47.938  INFO 35576 --- [main] t.c.s.AnnotationConfigContextLoaderUtils : Could not detect default configuration classes for test class [com.alvas.ecommeerceapplication.controller.PaymentControllerTest]: PaymentControllerTest does not declare any static, non-private, non-final, nested classes annotated with @Configuration.
2023-03-08 21:50:47.939  INFO 35576 --- [main] o.s.t.c.s.DefaultTestContextBootstrapper : Loaded default TestExecutionListener class names from location [META-INF/spring.factories]: [org.springframework.boot.test.mock.mockito.MockitoTestExecutionListener, org.springframework.boot.test.mock.mockito.ResetMocksTestExecutionListener, org.springframework.boot.test.autoconfigure.restdocs.RestDocsTestExecutionListener, org.springframework.boot.test.autoconfigure.web.client.MockRestServiceServerResetTestExecutionListener, org.springframework.boot.test.autoconfigure.web.servlet.MockMvcPrintOnlyOnFailureTestExecutionListener, org.springframework.boot.test.autoconfigure.web.servlet.WebDriverTestExecutionListener, org.springframework.boot.test.autoconfigure.webservices.client.MockWebServiceServerTestExecutionListener, org.springframework.test.context.web.ServletTestExecutionListener, org.springframework.test.context.support.DirtiesContextBeforeModesTestExecutionListener, org.springframework.test.context.event.ApplicationEventsTestExecutionListener, org.springframework.test.context.support.DependencyInjectionTestExecutionListener, org.springframework.test.context.support.DirtiesContextTestExecutionListener, org.springframework.test.context.transaction.TransactionalTestExecutionListener, org.springframework.test.context.jdbc.SqlScriptsTestExecutionListener, org.springframework.test.context.event.EventPublishingTestExecutionListener]
2023-03-08 21:50:47.939  INFO 35576 --- [main] o.s.t.c.s.DefaultTestContextBootstrapper : Using TestExecutionListeners: [org.springframework.test.context.web.ServletTestExecutionListener@b7b26c6, org.springframework.test.context.support.DirtiesContextBeforeModesTestExecutionListener@2db07651, org.springframework.test.context.event.ApplicationEventsTestExecutionListener@718b9d56, org.springframework.boot.test.mock.mockito.MockitoTestExecutionListener@36a59d8, org.springframework.test.context.support.DependencyInjectionTestExecutionListener@51751265, org.springframework.test.context.support.DirtiesContextTestExecutionListener@7f59f4e4, org.springframework.test.context.transaction.TransactionalTestExecutionListener@5295a774, org.springframework.test.context.jdbc.SqlScriptsTestExecutionListener@3e09067, org.springframework.test.context.event.EventPublishingTestExecutionListener@7a7f5c44, org.springframework.boot.test.mock.mockito.ResetMocksTestExecutionListener@4ab1693b, org.springframework.boot.test.autoconfigure.restdocs.RestDocsTestExecutionListener@35e0d91e, org.springframework.boot.test.autoconfigure.web.client.MockRestServiceServerResetTestExecutionListener@3204146d, org.springframework.boot.test.autoconfigure.web.servlet.MockMvcPrintOnlyOnFailureTestExecutionListener@3299e315, org.springframework.boot.test.autoconfigure.web.servlet.WebDriverTestExecutionListener@7320bccc, org.springframework.boot.test.autoconfigure.webservices.client.MockWebServiceServerTestExecutionListener@403ba39f]
2023-03-08 21:50:47.966  INFO 35576 --- [SpringApplicationShutdownHook] j.LocalContainerEntityManagerFactoryBean : Closing JPA EntityManagerFactory for persistence unit 'default'
2023-03-08 21:50:47.970  INFO 35576 --- [SpringApplicationShutdownHook] com.zaxxer.hikari.HikariDataSource       : HikariPool-1 - Shutdown initiated...
2023-03-08 21:50:47.980  INFO 35576 --- [SpringApplicationShutdownHook] com.zaxxer.hikari.HikariDataSource       : HikariPool-1 - Shutdown completed.
